<?xml version="1.0" encoding="UTF-8"?>
<testng-results ignored="0" total="3" passed="2" failed="1" skipped="0">
  <reporter-output>
  </reporter-output>
  <suite started-at="2022-03-29T15:18:41 IST" name="Default suite" finished-at="2022-03-29T15:19:16 IST" duration-ms="34397">
    <groups>
    </groups>
    <test started-at="2022-03-29T15:18:41 IST" name="Default test" finished-at="2022-03-29T15:19:16 IST" duration-ms="34397">
      <class name="ReportTest">
        <test-method is-config="true" signature="beforeSuite()[pri:0, instance:ReportTest@6bd61f98]" started-at="2022-03-29T15:18:41 IST" name="beforeSuite" finished-at="2022-03-29T15:18:41 IST" duration-ms="9" status="PASS">
          <reporter-output>
          </reporter-output>
        </test-method> <!-- beforeSuite -->
        <test-method is-config="true" signature="beforeTest()[pri:0, instance:ReportTest@6bd61f98]" started-at="2022-03-29T15:18:42 IST" name="beforeTest" finished-at="2022-03-29T15:18:42 IST" duration-ms="1" status="PASS">
          <reporter-output>
          </reporter-output>
        </test-method> <!-- beforeTest -->
        <test-method is-config="true" signature="beforeClass()[pri:0, instance:ReportTest@6bd61f98]" started-at="2022-03-29T15:18:42 IST" name="beforeClass" finished-at="2022-03-29T15:18:46 IST" duration-ms="3994" status="PASS">
          <reporter-output>
          </reporter-output>
        </test-method> <!-- beforeClass -->
        <test-method is-config="true" signature="beforeMethod()[pri:0, instance:ReportTest@6bd61f98]" started-at="2022-03-29T15:18:46 IST" name="beforeMethod" finished-at="2022-03-29T15:18:50 IST" duration-ms="4312" status="PASS">
          <reporter-output>
          </reporter-output>
        </test-method> <!-- beforeMethod -->
        <test-method signature="createOrg()[pri:0, instance:ReportTest@6bd61f98]" started-at="2022-03-29T15:18:50 IST" name="createOrg" finished-at="2022-03-29T15:18:50 IST" duration-ms="27" status="PASS">
          <reporter-output>
          </reporter-output>
        </test-method> <!-- createOrg -->
        <test-method is-config="true" signature="afterMethod()[pri:0, instance:ReportTest@6bd61f98]" started-at="2022-03-29T15:18:50 IST" name="afterMethod" finished-at="2022-03-29T15:18:55 IST" duration-ms="4589" status="PASS">
          <reporter-output>
          </reporter-output>
        </test-method> <!-- afterMethod -->
        <test-method is-config="true" signature="beforeMethod()[pri:0, instance:ReportTest@6bd61f98]" started-at="2022-03-29T15:18:55 IST" name="beforeMethod" finished-at="2022-03-29T15:18:59 IST" duration-ms="4284" status="PASS">
          <reporter-output>
          </reporter-output>
        </test-method> <!-- beforeMethod -->
        <test-method signature="createcontact()[pri:0, instance:ReportTest@6bd61f98]" started-at="2022-03-29T15:18:59 IST" name="createcontact" finished-at="2022-03-29T15:18:59 IST" duration-ms="9" status="FAIL">
          <exception class="java.lang.AssertionError">
            <message>
              <![CDATA[null]]>
            </message>
            <full-stacktrace>
              <![CDATA[java.lang.AssertionError: null
at org.testng.Assert.fail(Assert.java:99)
at org.testng.Assert.fail(Assert.java:106)
at ReportTest.createcontact(ReportTest.java:18)
at java.base/jdk.internal.reflect.NativeMethodAccessorImpl.invoke0(Native Method)
at java.base/jdk.internal.reflect.NativeMethodAccessorImpl.invoke(NativeMethodAccessorImpl.java:77)
at java.base/jdk.internal.reflect.DelegatingMethodAccessorImpl.invoke(DelegatingMethodAccessorImpl.java:43)
at java.base/java.lang.reflect.Method.invoke(Method.java:568)
at org.testng.internal.MethodInvocationHelper.invokeMethod(MethodInvocationHelper.java:133)
at org.testng.internal.TestInvoker.invokeMethod(TestInvoker.java:598)
at org.testng.internal.TestInvoker.invokeTestMethod(TestInvoker.java:173)
at org.testng.internal.MethodRunner.runInSequence(MethodRunner.java:46)
at org.testng.internal.TestInvoker$MethodInvocationAgent.invoke(TestInvoker.java:824)
at org.testng.internal.TestInvoker.invokeTestMethods(TestInvoker.java:146)
at org.testng.internal.TestMethodWorker.invokeTestMethods(TestMethodWorker.java:146)
at org.testng.internal.TestMethodWorker.run(TestMethodWorker.java:128)
at java.base/java.util.ArrayList.forEach(ArrayList.java:1511)
at org.testng.TestRunner.privateRun(TestRunner.java:794)
at org.testng.TestRunner.run(TestRunner.java:596)
at org.testng.SuiteRunner.runTest(SuiteRunner.java:377)
at org.testng.SuiteRunner.runSequentially(SuiteRunner.java:371)
at org.testng.SuiteRunner.privateRun(SuiteRunner.java:332)
at org.testng.SuiteRunner.run(SuiteRunner.java:276)
at org.testng.SuiteRunnerWorker.runSuite(SuiteRunnerWorker.java:53)
at org.testng.SuiteRunnerWorker.run(SuiteRunnerWorker.java:96)
at org.testng.TestNG.runSuitesSequentially(TestNG.java:1212)
at org.testng.TestNG.runSuitesLocally(TestNG.java:1134)
at org.testng.TestNG.runSuites(TestNG.java:1063)
at org.testng.TestNG.run(TestNG.java:1031)
at org.testng.remote.AbstractRemoteTestNG.run(AbstractRemoteTestNG.java:115)
at org.testng.remote.RemoteTestNG.initAndRun(RemoteTestNG.java:251)
at org.testng.remote.RemoteTestNG.main(RemoteTestNG.java:77)
]]>
            </full-stacktrace>
          </exception> <!-- java.lang.AssertionError -->
          <reporter-output>
          </reporter-output>
        </test-method> <!-- createcontact -->
        <test-method is-config="true" signature="afterMethod()[pri:0, instance:ReportTest@6bd61f98]" started-at="2022-03-29T15:18:59 IST" name="afterMethod" finished-at="2022-03-29T15:19:04 IST" duration-ms="4563" status="PASS">
          <reporter-output>
          </reporter-output>
        </test-method> <!-- afterMethod -->
        <test-method is-config="true" signature="beforeMethod()[pri:0, instance:ReportTest@6bd61f98]" started-at="2022-03-29T15:19:04 IST" name="beforeMethod" finished-at="2022-03-29T15:19:09 IST" duration-ms="4586" status="PASS">
          <reporter-output>
          </reporter-output>
        </test-method> <!-- beforeMethod -->
        <test-method signature="cteatelead()[pri:0, instance:ReportTest@6bd61f98]" started-at="2022-03-29T15:19:09 IST" name="cteatelead" finished-at="2022-03-29T15:19:09 IST" duration-ms="2" status="PASS">
          <reporter-output>
          </reporter-output>
        </test-method> <!-- cteatelead -->
        <test-method is-config="true" signature="afterMethod()[pri:0, instance:ReportTest@6bd61f98]" started-at="2022-03-29T15:19:09 IST" name="afterMethod" finished-at="2022-03-29T15:19:15 IST" duration-ms="6909" status="PASS">
          <reporter-output>
          </reporter-output>
        </test-method> <!-- afterMethod -->
        <test-method is-config="true" signature="afterClass()[pri:0, instance:ReportTest@6bd61f98]" started-at="2022-03-29T15:19:15 IST" name="afterClass" finished-at="2022-03-29T15:19:16 IST" duration-ms="110" status="PASS">
          <reporter-output>
          </reporter-output>
        </test-method> <!-- afterClass -->
        <test-method is-config="true" signature="afterTest()[pri:0, instance:ReportTest@6bd61f98]" started-at="2022-03-29T15:19:16 IST" name="afterTest" finished-at="2022-03-29T15:19:16 IST" duration-ms="1" status="PASS">
          <reporter-output>
          </reporter-output>
        </test-method> <!-- afterTest -->
        <test-method is-config="true" signature="afterSuite()[pri:0, instance:ReportTest@6bd61f98]" started-at="2022-03-29T15:19:16 IST" name="afterSuite" finished-at="2022-03-29T15:19:16 IST" duration-ms="1" status="PASS">
          <reporter-output>
          </reporter-output>
        </test-method> <!-- afterSuite -->
      </class> <!-- ReportTest -->
    </test> <!-- Default test -->
  </suite> <!-- Default suite -->
</testng-results>
